This file contains any messages produced by compilers while
running configure, to aid debugging if configure makes a mistake.

configure:583: checking host system type
configure:604: checking target system type
configure:622: checking build system type
configure:675: checking for a BSD compatible install
configure:744: checking whether build environment is sane
configure:791: checking for working aclocal
configure:804: checking for working autoconf
configure:817: checking for working automake
configure:830: checking for working autoheader
configure:843: checking for working makeinfo
configure:856: checking whether make sets ${MAKE}
configure:902: checking for a C-Compiler
configure:908: checking for gcc
configure:1011: checking whether the C compiler (gcc  ) works
configure:1025: gcc -o conftest    conftest.c  1>&5
configure:1045: checking whether the C compiler (gcc  ) is a cross-compiler
configure:1050: checking whether we are using GNU C
configure:1118: checking how to run the C preprocessor
configure:1242: checking for a C++-Compiler
configure:1248: checking for g++
configure:1360: checking whether the C++ compiler (g++  -s) works
configure:1374: g++ -o conftest   -s conftest.C  1>&5
configure:1400: checking whether the C++ compiler (g++  -s) is a cross-compiler
configure:1405: checking whether we are using GNU C++
configure:1489: checking for ranlib
configure:1527: checking for ld used by GCC
configure:1584: checking if the linker (/usr/bin/ld) is GNU ld
configure:1600: checking for BSD-compatible nm
configure:1635: checking whether ln -s works
configure:1733: checking for AIX
configure:1758: checking for minix/config.h
configure:1813: checking whether NLS is requested
configure:1834: checking for msgfmt
configure:1868: checking for gmsgfmt
configure:1900: checking for xgettext
configure:1956: checking for dirent.h that defines DIR
configure:1994: checking for opendir in -ldir
configure:2082: checking how to run the C++ preprocessor
configure:2119: checking for ANSI C header files
configure:2228: checking for fcntl.h
configure:2228: checking for sys/time.h
configure:2228: checking for unistd.h
configure:2228: checking for sys/cdefs.h
configure:2268: checking for fnmatch.h
configure:2268: checking for sysent.h
configure:2268: checking for strings.h
configure:2268: checking for sys/stat.h
configure:2306: checking for socket in -lsocket
configure:2350: checking for X
configure:2583: checking for QT
configure:2774: checking for moc
configure:2808: checking for KDE
configure:2940: checking for main in -lcompat
configure:2976: checking for giflib
configure:3023: checking for jpeglib
configure:3098: checking for rpath
configure:3118: checking whether time.h and sys/time.h may both be included
configure:3155: checking for bool
configure:3197: checking if you need GNU extensions
configure:3222: checking for socket
configure:3222: checking for vsnprintf
configure:3278: checking for setenv
configure:3343: checking for getdomainname
configure:3399: checking for the third argument of getsockname
